{
  "stats": {
    "suites": 1,
    "tests": 1,
    "passes": 1,
    "pending": 0,
    "failures": 0,
    "start": "2023-12-30T05:31:16.146Z",
    "end": "2023-12-30T05:31:24.975Z",
    "duration": 8829,
    "testsRegistered": 1,
    "passPercent": 100,
    "pendingPercent": 0,
    "other": 0,
    "hasOther": false,
    "skipped": 0,
    "hasSkipped": false
  },
  "results": [
    {
      "uuid": "347076ab-376c-423c-9d52-35d0b59efe2e",
      "title": "",
      "fullFile": "cypress\\e2e\\iframe.cy.js",
      "file": "cypress\\e2e\\iframe.cy.js",
      "beforeHooks": [],
      "afterHooks": [],
      "tests": [],
      "suites": [
        {
          "uuid": "374746e1-d250-4fc5-ab70-62f81300d8f1",
          "title": "Test Suite1",
          "fullFile": "",
          "file": "",
          "beforeHooks": [],
          "afterHooks": [],
          "tests": [
            {
              "title": "Iframes -using iframe plugin",
              "fullTitle": "Test Suite1 Iframes -using iframe plugin",
              "timedOut": null,
              "duration": 5759,
              "state": "passed",
              "speed": "medium",
              "pass": true,
              "fail": false,
              "pending": false,
              "context": null,
              "code": "cy.visit('https://the-internet.herokuapp.com/iframe');\ncy.frameLoaded('#mce_0_ifr'); //Load the frame\ncy.iframe('#mce_0_ifr').clear().type('hey welcome {ctrl+a}');\ncy.get('button[aria-label=\"Bold\"]').click();",
              "err": {},
              "uuid": "abf2c7b3-d21e-4b89-a6c8-f5cb2b35a0fe",
              "parentUUID": "374746e1-d250-4fc5-ab70-62f81300d8f1",
              "isHook": false,
              "skipped": false
            }
          ],
          "suites": [],
          "passes": [
            "abf2c7b3-d21e-4b89-a6c8-f5cb2b35a0fe"
          ],
          "failures": [],
          "pending": [],
          "skipped": [],
          "duration": 5759,
          "root": false,
          "rootEmpty": false,
          "_timeout": 2000
        }
      ],
      "passes": [],
      "failures": [],
      "pending": [],
      "skipped": [],
      "duration": 0,
      "root": true,
      "rootEmpty": true,
      "_timeout": 2000
    }
  ],
  "meta": {
    "mocha": {
      "version": "7.0.1"
    },
    "mochawesome": {
      "options": {
        "quiet": false,
        "reportFilename": "mochawesome",
        "saveHtml": false,
        "saveJson": true,
        "consoleReporter": "spec",
        "useInlineDiffs": false,
        "code": true
      },
      "version": "7.1.3"
    },
    "marge": {
      "options": {
        "overwrite": false,
        "html": false,
        "json": true,
        "reportDir": "cypress\\reports\\html\\.jsons"
      },
      "version": "6.2.0"
    }
  }
}