{
  "stats": {
    "suites": 1,
    "tests": 1,
    "passes": 0,
    "pending": 0,
    "failures": 1,
    "start": "2023-12-30T05:33:55.071Z",
    "end": "2023-12-30T05:34:32.221Z",
    "duration": 37150,
    "testsRegistered": 1,
    "passPercent": 0,
    "pendingPercent": 0,
    "other": 0,
    "hasOther": false,
    "skipped": 0,
    "hasSkipped": false
  },
  "results": [
    {
      "uuid": "1462140b-99e7-4411-a597-50a2680498b8",
      "title": "",
      "fullFile": "cypress\\e2e\\CustomCommands.cy.js",
      "file": "cypress\\e2e\\CustomCommands.cy.js",
      "beforeHooks": [],
      "afterHooks": [],
      "tests": [],
      "suites": [
        {
          "uuid": "c3664ffc-e9b0-4d02-890a-7365e5fe6678",
          "title": "Test Suite1",
          "fullFile": "",
          "file": "",
          "beforeHooks": [],
          "afterHooks": [],
          "tests": [
            {
              "title": "Login command",
              "fullTitle": "Test Suite1 Login command",
              "timedOut": null,
              "duration": 10845,
              "state": "failed",
              "speed": null,
              "pass": false,
              "fail": true,
              "pending": false,
              "context": null,
              "code": "cy.visit('https://demo.nopcommerce.com/');\ncy.clickLink('Log in');\ncy.loginApp('mahendranathkundla@gmail.com', 'test123');\ncy.get('.ico-account').should('have.text', 'My account');",
              "err": {
                "message": "AssertionError: Timed out retrying after 8000ms: Expected to find element: `.ico-account`, but never found it.",
                "estack": "AssertionError: Timed out retrying after 8000ms: Expected to find element: `.ico-account`, but never found it.\n    at Context.eval (webpack:///./cypress/e2e/CustomCommands.cy.js:25:30)",
                "diff": null
              },
              "uuid": "ca2c7cd2-d1cb-45de-8637-d569fb1fb0c2",
              "parentUUID": "c3664ffc-e9b0-4d02-890a-7365e5fe6678",
              "isHook": false,
              "skipped": false
            }
          ],
          "suites": [],
          "passes": [],
          "failures": [
            "ca2c7cd2-d1cb-45de-8637-d569fb1fb0c2"
          ],
          "pending": [],
          "skipped": [],
          "duration": 10845,
          "root": false,
          "rootEmpty": false,
          "_timeout": 2000
        }
      ],
      "passes": [],
      "failures": [],
      "pending": [],
      "skipped": [],
      "duration": 0,
      "root": true,
      "rootEmpty": true,
      "_timeout": 2000
    }
  ],
  "meta": {
    "mocha": {
      "version": "7.0.1"
    },
    "mochawesome": {
      "options": {
        "quiet": false,
        "reportFilename": "mochawesome",
        "saveHtml": false,
        "saveJson": true,
        "consoleReporter": "spec",
        "useInlineDiffs": false,
        "code": true
      },
      "version": "7.1.3"
    },
    "marge": {
      "options": {
        "overwrite": false,
        "html": false,
        "json": true,
        "reportDir": "cypress\\reports\\html\\.jsons"
      },
      "version": "6.2.0"
    }
  }
}