{
  "stats": {
    "suites": 1,
    "tests": 3,
    "passes": 0,
    "pending": 0,
    "failures": 3,
    "start": "2023-12-30T05:36:03.498Z",
    "end": "2023-12-30T05:36:49.482Z",
    "duration": 45984,
    "testsRegistered": 3,
    "passPercent": 0,
    "pendingPercent": 0,
    "other": 0,
    "hasOther": false,
    "skipped": 0,
    "hasSkipped": false
  },
  "results": [
    {
      "uuid": "dcd05f15-b83b-4741-b5aa-6869d50496d7",
      "title": "",
      "fullFile": "cypress\\e2e\\FileUpload.cy.js",
      "file": "cypress\\e2e\\FileUpload.cy.js",
      "beforeHooks": [],
      "afterHooks": [],
      "tests": [],
      "suites": [
        {
          "uuid": "57e25f6b-e4f9-49b3-9ac5-4f0a0bd21165",
          "title": "Tutorialspoint Test",
          "fullFile": "",
          "file": "",
          "beforeHooks": [],
          "afterHooks": [],
          "tests": [
            {
              "title": "Scenario 1",
              "fullTitle": "Tutorialspoint Test Scenario 1",
              "timedOut": null,
              "duration": 9666,
              "state": "failed",
              "speed": null,
              "pass": false,
              "fail": true,
              "pending": false,
              "context": null,
              "code": "// test step for URL launching\ncy.visit(\"http://automationpractice.com/index.php?controller=contact\");\nconst yourFixturePath = \"img.jpg\";\ncy.get('input[type=\"file\"]').attachFile(yourFixturePath);",
              "err": {
                "message": "AssertionError: Timed out retrying after 8000ms: Expected to find element: `input[type=\"file\"]`, but never found it.",
                "estack": "AssertionError: Timed out retrying after 8000ms: Expected to find element: `input[type=\"file\"]`, but never found it.\n    at Context.eval (webpack:///./cypress/e2e/FileUpload.cy.js:8:11)",
                "diff": null
              },
              "uuid": "9b493ed7-2f7f-4993-859f-f0a7358c8189",
              "parentUUID": "57e25f6b-e4f9-49b3-9ac5-4f0a0bd21165",
              "isHook": false,
              "skipped": false
            },
            {
              "title": "Scenario 2",
              "fullTitle": "Tutorialspoint Test Scenario 2",
              "timedOut": null,
              "duration": 442,
              "state": "failed",
              "speed": null,
              "pass": false,
              "fail": true,
              "pending": false,
              "context": null,
              "code": "// test step for URL launching\ncy.visit(\"https://css-tricks.com/examples/DragAndDropFileUploading/\");\nconst yourFixturePath = \"img.jpg\";\ncy.get('#file').attachFile(yourFixturePath);",
              "err": {
                "message": "Error: A fixture file could not be found at any of the following paths:\n\n    > cypress\\fixtures\\img.jpg\n    > cypress\\fixtures\\img.jpg.[ext]\n\nCypress looked for these file extensions at the provided path:\n\n    > .json, .js, .coffee, .html, .txt, .csv, .png, .jpg, .jpeg, .gif, .tif, .tiff, .zip\n\nProvide a path to an existing fixture file.",
                "estack": "Error: A fixture file could not be found at any of the following paths:\n\n    > cypress\\fixtures\\img.jpg\n    > cypress\\fixtures\\img.jpg.[ext]\n\nCypress looked for these file extensions at the provided path:\n\n    > .json, .js, .coffee, .html, .txt, .csv, .png, .jpg, .jpeg, .gif, .tif, .tiff, .zip\n\nProvide a path to an existing fixture file.\n    at Object.<anonymous> (<embedded>:4290:90297)\n    at Object.tryCatcher (C:\\Users\\mahen\\AppData\\Local\\Cypress\\Cache\\12.3.0\\Cypress\\resources\\app\\node_modules\\bluebird\\js\\release\\util.js:16:23)\n    at Promise._settlePromiseFromHandler (C:\\Users\\mahen\\AppData\\Local\\Cypress\\Cache\\12.3.0\\Cypress\\resources\\app\\node_modules\\bluebird\\js\\release\\promise.js:512:31)\n    at Promise._settlePromise (C:\\Users\\mahen\\AppData\\Local\\Cypress\\Cache\\12.3.0\\Cypress\\resources\\app\\node_modules\\bluebird\\js\\release\\promise.js:569:18)\n    at Promise._settlePromise0 (C:\\Users\\mahen\\AppData\\Local\\Cypress\\Cache\\12.3.0\\Cypress\\resources\\app\\node_modules\\bluebird\\js\\release\\promise.js:614:10)\n    at Promise._settlePromises (C:\\Users\\mahen\\AppData\\Local\\Cypress\\Cache\\12.3.0\\Cypress\\resources\\app\\node_modules\\bluebird\\js\\release\\promise.js:694:18)\n    at Promise._fulfill (C:\\Users\\mahen\\AppData\\Local\\Cypress\\Cache\\12.3.0\\Cypress\\resources\\app\\node_modules\\bluebird\\js\\release\\promise.js:638:18)\n    at <unknown> (C:\\Users\\mahen\\AppData\\Local\\Cypress\\Cache\\12.3.0\\Cypress\\resources\\app\\node_modules\\bluebird\\js\\release\\nodeback.js:42:21)\n    at s (<embedded>:1737:207800)\n    at S.<anonymous> (<embedded>:4290:80078)\n    at S.emit (node:events:527:28)\n    at S._finish (<embedded>:4290:80945)\n    at a (<embedded>:4290:80341)\n    at S._processSimple2 (<embedded>:4290:86102)\n    at <unknown> (<embedded>:4290:85955)\n    at S._stat2 (<embedded>:4290:87020)\n    at <unknown> (<embedded>:4290:86867)\n    at s (<embedded>:2207:224312)\n    at s (<embedded>:1737:207800)\n    at r (<embedded>:4573:12604)\n    at FSReqCallback.oncomplete (node:fs:198:21)",
                "diff": null
              },
              "uuid": "a595ac3e-5c70-43a4-9dab-dc63108151c7",
              "parentUUID": "57e25f6b-e4f9-49b3-9ac5-4f0a0bd21165",
              "isHook": false,
              "skipped": false
            },
            {
              "title": "Scenario 3",
              "fullTitle": "Tutorialspoint Test Scenario 3",
              "timedOut": null,
              "duration": 835,
              "state": "failed",
              "speed": null,
              "pass": false,
              "fail": true,
              "pending": false,
              "context": null,
              "code": "// test step for URL launching\ncy.visit(\"https://davidwalsh.name/demo/multiple-file-upload.php\");\nconst yourFixturePath1 = \"img.jpg\";\nconst yourFixturePath2 = \"example.json\";\ncy.get('input[name=\"filesToUpload\"]').attachFile(yourFixturePath1).attachFile(yourFixturePath2);",
              "err": {
                "message": "Error: A fixture file could not be found at any of the following paths:\n\n    > cypress\\fixtures\\img.jpg\n    > cypress\\fixtures\\img.jpg.[ext]\n\nCypress looked for these file extensions at the provided path:\n\n    > .json, .js, .coffee, .html, .txt, .csv, .png, .jpg, .jpeg, .gif, .tif, .tiff, .zip\n\nProvide a path to an existing fixture file.",
                "estack": "Error: A fixture file could not be found at any of the following paths:\n\n    > cypress\\fixtures\\img.jpg\n    > cypress\\fixtures\\img.jpg.[ext]\n\nCypress looked for these file extensions at the provided path:\n\n    > .json, .js, .coffee, .html, .txt, .csv, .png, .jpg, .jpeg, .gif, .tif, .tiff, .zip\n\nProvide a path to an existing fixture file.\n    at Object.<anonymous> (<embedded>:4290:90297)\n    at Object.tryCatcher (C:\\Users\\mahen\\AppData\\Local\\Cypress\\Cache\\12.3.0\\Cypress\\resources\\app\\node_modules\\bluebird\\js\\release\\util.js:16:23)\n    at Promise._settlePromiseFromHandler (C:\\Users\\mahen\\AppData\\Local\\Cypress\\Cache\\12.3.0\\Cypress\\resources\\app\\node_modules\\bluebird\\js\\release\\promise.js:512:31)\n    at Promise._settlePromise (C:\\Users\\mahen\\AppData\\Local\\Cypress\\Cache\\12.3.0\\Cypress\\resources\\app\\node_modules\\bluebird\\js\\release\\promise.js:569:18)\n    at Promise._settlePromise0 (C:\\Users\\mahen\\AppData\\Local\\Cypress\\Cache\\12.3.0\\Cypress\\resources\\app\\node_modules\\bluebird\\js\\release\\promise.js:614:10)\n    at Promise._settlePromises (C:\\Users\\mahen\\AppData\\Local\\Cypress\\Cache\\12.3.0\\Cypress\\resources\\app\\node_modules\\bluebird\\js\\release\\promise.js:694:18)\n    at Promise._fulfill (C:\\Users\\mahen\\AppData\\Local\\Cypress\\Cache\\12.3.0\\Cypress\\resources\\app\\node_modules\\bluebird\\js\\release\\promise.js:638:18)\n    at <unknown> (C:\\Users\\mahen\\AppData\\Local\\Cypress\\Cache\\12.3.0\\Cypress\\resources\\app\\node_modules\\bluebird\\js\\release\\nodeback.js:42:21)\n    at s (<embedded>:1737:207800)\n    at S.<anonymous> (<embedded>:4290:80078)\n    at S.emit (node:events:527:28)\n    at S._finish (<embedded>:4290:80945)\n    at a (<embedded>:4290:80341)\n    at S._processSimple2 (<embedded>:4290:86102)\n    at <unknown> (<embedded>:4290:85955)\n    at S._stat2 (<embedded>:4290:87020)\n    at <unknown> (<embedded>:4290:86867)\n    at s (<embedded>:2207:224312)\n    at s (<embedded>:1737:207800)\n    at r (<embedded>:4573:12604)\n    at FSReqCallback.oncomplete (node:fs:198:21)",
                "diff": null
              },
              "uuid": "2cf0f0e2-dbe3-4dda-8419-7dbb362ee030",
              "parentUUID": "57e25f6b-e4f9-49b3-9ac5-4f0a0bd21165",
              "isHook": false,
              "skipped": false
            }
          ],
          "suites": [],
          "passes": [],
          "failures": [
            "9b493ed7-2f7f-4993-859f-f0a7358c8189",
            "a595ac3e-5c70-43a4-9dab-dc63108151c7",
            "2cf0f0e2-dbe3-4dda-8419-7dbb362ee030"
          ],
          "pending": [],
          "skipped": [],
          "duration": 10943,
          "root": false,
          "rootEmpty": false,
          "_timeout": 2000
        }
      ],
      "passes": [],
      "failures": [],
      "pending": [],
      "skipped": [],
      "duration": 0,
      "root": true,
      "rootEmpty": true,
      "_timeout": 2000
    }
  ],
  "meta": {
    "mocha": {
      "version": "7.0.1"
    },
    "mochawesome": {
      "options": {
        "quiet": false,
        "reportFilename": "mochawesome",
        "saveHtml": false,
        "saveJson": true,
        "consoleReporter": "spec",
        "useInlineDiffs": false,
        "code": true
      },
      "version": "7.1.3"
    },
    "marge": {
      "options": {
        "overwrite": false,
        "html": false,
        "json": true,
        "reportDir": "cypress\\reports\\html\\.jsons"
      },
      "version": "6.2.0"
    }
  }
}